Vivado Simulator 2018.3
Copyright 1986-1999, 2001-2018 Xilinx, Inc. All Rights Reserved.
Running: D:/Xilinx/Vivado/2018.3/bin/unwrapped/win64.o/xelab.exe -wto 8ba7120c607240939a41709dfae2990c --incr --debug typical --relax --mt 2 -L xil_defaultlib -L secureip --snapshot SimulazioneSommaTreRegistri_behav xil_defaultlib.SimulazioneSommaTreRegistri -log elaborate.log 
Using 2 slave threads.
Starting static elaboration
Completed static elaboration
Starting simulation data flow analysis
Completed simulation data flow analysis
Time Resolution for simulation is 1ps
Compiling package std.standard
Compiling package std.textio
Compiling package ieee.std_logic_1164
Compiling package ieee.std_logic_arith
Compiling architecture behavioral of entity xil_defaultlib.Registro [\Registro(n=17)\]
Compiling architecture behavioral of entity xil_defaultlib.Registro [\Registro(n=18)\]
Compiling architecture behavioral of entity xil_defaultlib.Registro [registro_default]
Compiling architecture behavioral of entity xil_defaultlib.Sommatore [sommatore_default]
Compiling architecture behavioral of entity xil_defaultlib.Sommatore [\Sommatore(n=17)\]
Compiling architecture behavioral of entity xil_defaultlib.SommaTreRegistri [sommatreregistri_default]
Compiling architecture behavioral of entity xil_defaultlib.simulazionesommatreregistri
Built simulation snapshot SimulazioneSommaTreRegistri_behav
