Vivado Simulator 2018.3
Copyright 1986-1999, 2001-2018 Xilinx, Inc. All Rights Reserved.
Running: C:/Xilinx/Vivado/2018.3/bin/unwrapped/win64.o/xelab.exe -wto 8ba7120c607240939a41709dfae2990c --incr --debug typical --relax --mt 2 -L xil_defaultlib -L secureip --snapshot SimulazioneSommaTreRegistri_func_impl xil_defaultlib.SimulazioneSommaTreRegistri -log elaborate.log 
Using 2 slave threads.
Starting static elaboration
Completed static elaboration
Starting simulation data flow analysis
Completed simulation data flow analysis
Time Resolution for simulation is 1ps
Compiling package std.standard
Compiling package std.textio
Compiling package ieee.std_logic_1164
Compiling package ieee.std_logic_arith
Compiling package ieee.numeric_std
Compiling package unisim.vcomponents
Compiling package ieee.vital_timing
Compiling package ieee.vital_primitives
Compiling package unisim.vpkg
Compiling architecture ibuf_v of entity unisim.IBUF [\IBUF(1,9)(1,1)(1,4)(1,7)\]
Compiling architecture bufg_v of entity unisim.BUFG [bufg_default]
Compiling architecture fdce_v of entity unisim.FDCE [fdce_default]
Compiling architecture structure of entity xil_defaultlib.Registro [registro_default]
Compiling architecture structure of entity xil_defaultlib.\Registro__parameterized1\ [\Registro__parameterized1_defaul...]
Compiling architecture lut5_v of entity unisim.LUT5 [\LUT5(init="11101000000101110001...]
Compiling architecture lut5_v of entity unisim.LUT5 [\LUT5(init="11111111111010001110...]
Compiling architecture lut3_v of entity unisim.LUT3 [\LUT3(init="10010110")(0,7)\]
Compiling architecture lut5_v of entity unisim.LUT5 [\LUT5(init="11111111000101110001...]
Compiling architecture lut6_v of entity unisim.LUT6 [\LUT6(init="11111111111111111111...]
Compiling architecture lut2_v of entity unisim.LUT2 [\LUT2(init="1000")(0,3)\]
Compiling architecture lut6_v of entity unisim.LUT6 [\LUT6(init="11101000100010000001...]
Compiling architecture lut6_v of entity unisim.LUT6 [\LUT6(init="11111111111111111111...]
Compiling architecture structure of entity xil_defaultlib.\Registro__parameterized3\ [\Registro__parameterized3_defaul...]
Compiling architecture lut2_v of entity unisim.LUT2 [\LUT2(init="0110")(0,3)\]
Compiling architecture lut6_v of entity unisim.LUT6 [\LUT6(init="10101000101010001010...]
Compiling architecture lut4_v of entity unisim.LUT4 [\LUT4(init="1000011101111000")(0...]
Compiling architecture structure of entity xil_defaultlib.\Registro__parameterized3_2\ [\Registro__parameterized3_2_defa...]
Compiling architecture structure of entity xil_defaultlib.Sommatore [sommatore_default]
Compiling architecture lut6_v of entity unisim.LUT6 [\LUT6(init="11111110111010100000...]
Compiling architecture lut6_v of entity unisim.LUT6 [\LUT6(init="11111111111111110000...]
Compiling architecture structure of entity xil_defaultlib.Registro_0 [registro_0_default]
Compiling architecture structure of entity xil_defaultlib.Registro_1 [registro_1_default]
Compiling architecture structure of entity xil_defaultlib.\Sommatore__parameterized1\ [\Sommatore__parameterized1_defau...]
Compiling architecture obuf_v of entity unisim.OBUF [\OBUF(1,9)(1,7)(1,4)\]
Compiling architecture structure of entity xil_defaultlib.SommaTreRegistri [sommatreregistri_default]
Compiling architecture behavioral of entity xil_defaultlib.simulazionesommatreregistri
Built simulation snapshot SimulazioneSommaTreRegistri_func_impl
