
*** Running vivado
    with args -log SommaTreRegistri.vds -m64 -product Vivado -mode batch -messageDb vivado.pb -notrace -source SommaTreRegistri.tcl


****** Vivado v2018.3 (64-bit)
  **** SW Build 2405991 on Thu Dec  6 23:38:27 MST 2018
  **** IP Build 2404404 on Fri Dec  7 01:43:56 MST 2018
    ** Copyright 1986-2018 Xilinx, Inc. All Rights Reserved.

source SommaTreRegistri.tcl -notrace
Command: synth_design -top SommaTreRegistri -part xc7z020clg400-3
Starting synth_design
Attempting to get a license for feature 'Synthesis' and/or device 'xc7z020'
INFO: [Common 17-349] Got license for feature 'Synthesis' and/or device 'xc7z020'
INFO: Launching helper process for spawning children vivado processes
INFO: Helper process launched with PID 2140 
---------------------------------------------------------------------------------
Starting Synthesize : Time (s): cpu = 00:00:03 ; elapsed = 00:00:03 . Memory (MB): peak = 362.020 ; gain = 94.598
---------------------------------------------------------------------------------
INFO: [Synth 8-638] synthesizing module 'SommaTreRegistri' [C:/Users/grego/vivadoProjects/progetto2VociParrottaLinarello/progetto2VociParrottaLinarello.srcs/sources_1/new/SommaTreRegistri.vhd:14]
	Parameter n bound to: 16 - type: integer 
	Parameter n bound to: 16 - type: integer 
INFO: [Synth 8-3491] module 'TreRegistri' declared at 'C:/Users/grego/vivadoProjects/progetto2VociParrottaLinarello/progetto2VociParrottaLinarello.srcs/sources_1/new/TreRegistri.vhd:5' bound to instance 'registriIn' of component 'TreRegistri' [C:/Users/grego/vivadoProjects/progetto2VociParrottaLinarello/progetto2VociParrottaLinarello.srcs/sources_1/new/SommaTreRegistri.vhd:49]
INFO: [Synth 8-638] synthesizing module 'TreRegistri' [C:/Users/grego/vivadoProjects/progetto2VociParrottaLinarello/progetto2VociParrottaLinarello.srcs/sources_1/new/TreRegistri.vhd:17]
	Parameter n bound to: 16 - type: integer 
	Parameter n bound to: 16 - type: integer 
INFO: [Synth 8-3491] module 'Registro' declared at 'C:/Users/grego/vivadoProjects/progetto2VociParrottaLinarello/progetto2VociParrottaLinarello.srcs/sources_1/new/Registro.vhd:4' bound to instance 'reg1' of component 'Registro' [C:/Users/grego/vivadoProjects/progetto2VociParrottaLinarello/progetto2VociParrottaLinarello.srcs/sources_1/new/TreRegistri.vhd:27]
INFO: [Synth 8-638] synthesizing module 'Registro' [C:/Users/grego/vivadoProjects/progetto2VociParrottaLinarello/progetto2VociParrottaLinarello.srcs/sources_1/new/Registro.vhd:12]
	Parameter n bound to: 16 - type: integer 
INFO: [Synth 8-256] done synthesizing module 'Registro' (1#1) [C:/Users/grego/vivadoProjects/progetto2VociParrottaLinarello/progetto2VociParrottaLinarello.srcs/sources_1/new/Registro.vhd:12]
	Parameter n bound to: 16 - type: integer 
INFO: [Synth 8-3491] module 'Registro' declared at 'C:/Users/grego/vivadoProjects/progetto2VociParrottaLinarello/progetto2VociParrottaLinarello.srcs/sources_1/new/Registro.vhd:4' bound to instance 'reg2' of component 'Registro' [C:/Users/grego/vivadoProjects/progetto2VociParrottaLinarello/progetto2VociParrottaLinarello.srcs/sources_1/new/TreRegistri.vhd:28]
	Parameter n bound to: 16 - type: integer 
INFO: [Synth 8-3491] module 'Registro' declared at 'C:/Users/grego/vivadoProjects/progetto2VociParrottaLinarello/progetto2VociParrottaLinarello.srcs/sources_1/new/Registro.vhd:4' bound to instance 'reg3' of component 'Registro' [C:/Users/grego/vivadoProjects/progetto2VociParrottaLinarello/progetto2VociParrottaLinarello.srcs/sources_1/new/TreRegistri.vhd:29]
INFO: [Synth 8-256] done synthesizing module 'TreRegistri' (2#1) [C:/Users/grego/vivadoProjects/progetto2VociParrottaLinarello/progetto2VociParrottaLinarello.srcs/sources_1/new/TreRegistri.vhd:17]
	Parameter n bound to: 16 - type: integer 
INFO: [Synth 8-3491] module 'Registro' declared at 'C:/Users/grego/vivadoProjects/progetto2VociParrottaLinarello/progetto2VociParrottaLinarello.srcs/sources_1/new/Registro.vhd:4' bound to instance 'registroOut' of component 'Registro' [C:/Users/grego/vivadoProjects/progetto2VociParrottaLinarello/progetto2VociParrottaLinarello.srcs/sources_1/new/SommaTreRegistri.vhd:50]
	Parameter n bound to: 16 - type: integer 
INFO: [Synth 8-3491] module 'Sommatore' declared at 'C:/Users/grego/vivadoProjects/progetto2VociParrottaLinarello/progetto2VociParrottaLinarello.srcs/sources_1/new/Sommatore.vhd:4' bound to instance 'sommatore1' of component 'Sommatore' [C:/Users/grego/vivadoProjects/progetto2VociParrottaLinarello/progetto2VociParrottaLinarello.srcs/sources_1/new/SommaTreRegistri.vhd:51]
INFO: [Synth 8-638] synthesizing module 'Sommatore' [C:/Users/grego/vivadoProjects/progetto2VociParrottaLinarello/progetto2VociParrottaLinarello.srcs/sources_1/new/Sommatore.vhd:13]
	Parameter n bound to: 16 - type: integer 
ERROR: [Synth 8-509] operands of logical operator '&' have different lengths (17 vs. 16) [C:/Users/grego/vivadoProjects/progetto2VociParrottaLinarello/progetto2VociParrottaLinarello.srcs/sources_1/new/Sommatore.vhd:22]
ERROR: [Synth 8-285] failed synthesizing module 'Sommatore' [C:/Users/grego/vivadoProjects/progetto2VociParrottaLinarello/progetto2VociParrottaLinarello.srcs/sources_1/new/Sommatore.vhd:13]
ERROR: [Synth 8-285] failed synthesizing module 'SommaTreRegistri' [C:/Users/grego/vivadoProjects/progetto2VociParrottaLinarello/progetto2VociParrottaLinarello.srcs/sources_1/new/SommaTreRegistri.vhd:14]
---------------------------------------------------------------------------------
Finished Synthesize : Time (s): cpu = 00:00:03 ; elapsed = 00:00:04 . Memory (MB): peak = 418.375 ; gain = 150.953
---------------------------------------------------------------------------------
synthesize failed
INFO: [Common 17-83] Releasing license: Synthesis
14 Infos, 0 Warnings, 0 Critical Warnings and 4 Errors encountered.
synth_design failed
ERROR: [Common 17-69] Command failed: Vivado Synthesis failed
INFO: [Common 17-206] Exiting Vivado at Thu Nov 30 19:11:56 2023...
